<?xml version="1.0" encoding="UTF-8"?>
<!-- Generated by org.testng.reporters.JUnitReportReporter -->
<testsuite name="studentAPI.SamplePostRestTest" tests="1" time="3.469" ignored="0" failures="0" timestamp="13 Aug 2023 08:06:17 GMT" skipped="0" hostname="DESKTOP-I6VP5K9" errors="0">
  <testcase name="createUser_whenSuccess" time="3.469" classname="studentAPI.SamplePostRestTest"/>
</testsuite> <!-- studentAPI.SamplePostRestTest -->
