<?xml version="1.0" encoding="UTF-8"?>
<!-- Generated by org.testng.reporters.JUnitReportReporter -->
<testsuite name="studentAPI.SampleDeleteTest" tests="1" time="6.108" ignored="0" failures="0" timestamp="10 Oct 2023 05:50:35 GMT" skipped="0" hostname="DESKTOP-I6VP5K9" errors="0">
  <testcase name="getTest" time="6.108" classname="studentAPI.SampleDeleteTest"/>
</testsuite> <!-- studentAPI.SampleDeleteTest -->
